2022.07.04 09:25:12 INFO  tracing is disabled for protocol LSP, to enable tracing of incoming and outgoing JSON messages create an empty file at c:\Users\nicolas.floris\Desktop\Pokedex\.metals\lsp.trace.json or C:\Users\nicolas.floris\AppData\Local\scalameta\metals\cache\lsp.trace.json
2022.07.04 09:25:13 INFO  logging to file C:\Users\nicolas.floris\Desktop\Pokedex\.metals\metals.log
2022.07.04 09:25:13 INFO  Started: Metals version 0.11.6 in workspace 'C:\Users\nicolas.floris\Desktop\Pokedex' for client Visual Studio Code 1.68.1.
2022.07.04 09:25:13 INFO  time: initialize in 0.63s
2022.07.04 09:25:13 WARN  Flyway upgrade recommended: H2 2.1.212 is newer than this version of Flyway and support has not been tested. The latest supported version of H2 is 2.1.210.
2022.07.04 09:25:13 WARN  Build server is not auto-connectable.
2022.07.04 09:25:27 WARN  no build target for: C:\Users\nicolas.floris\Desktop\Pokedex\src\main\scala\com\pokemon\Pokedex.scala
2022.07.04 09:25:31 INFO  no build target found for C:\Users\nicolas.floris\Desktop\Pokedex\src\main\scala\com\pokemon\Pokedex.scala. Using presentation compiler with project's scala-library version: 3.1.2
2022.07.04 09:25:34 INFO  time: code lens generation in 6.64s
2022.07.04 09:25:34 INFO  time: code lens generation in 6.64s
2022.07.04 10:49:55 WARN  no build target for: C:\Users\nicolas.floris\Desktop\Pokedex\src\main\scala\com\pokemon\Pokedex.scala
2022.07.04 11:38:06 WARN  no build target for: C:\Users\nicolas.floris\Desktop\Pokedex\src\main\scala\com\pokemon\Pokedex.scala
2022.07.05 14:46:17 INFO  tracing is disabled for protocol LSP, to enable tracing of incoming and outgoing JSON messages create an empty file at c:\Users\nicolas.floris\Desktop\Pokedex\.metals\lsp.trace.json or C:\Users\nicolas.floris\AppData\Local\scalameta\metals\cache\lsp.trace.json
2022.07.05 14:46:18 INFO  logging to file C:\Users\nicolas.floris\Desktop\Pokedex\.metals\metals.log
2022.07.05 14:46:18 INFO  Started: Metals version 0.11.6 in workspace 'C:\Users\nicolas.floris\Desktop\Pokedex' for client Visual Studio Code 1.68.1.
2022.07.05 14:46:18 INFO  time: initialize in 0.6s
2022.07.05 14:46:22 WARN  Flyway upgrade recommended: H2 2.1.212 is newer than this version of Flyway and support has not been tested. The latest supported version of H2 is 2.1.210.
2022.07.05 14:46:22 WARN  Build server is not auto-connectable.
2022.07.05 14:46:22 INFO  skipping build import with status 'Requested'
2022.07.05 15:02:55 INFO  shutting down Metals
2022.07.24 16:20:56 INFO  tracing is disabled for protocol LSP, to enable tracing of incoming and outgoing JSON messages create an empty file at c:\Users\nicolas.floris\Desktop\Pokedex\.metals\lsp.trace.json or C:\Users\nicolas.floris\AppData\Local\scalameta\metals\cache\lsp.trace.json
2022.07.24 16:20:57 INFO  logging to file C:\Users\nicolas.floris\Desktop\Pokedex\.metals\metals.log
2022.07.24 16:20:57 INFO  Started: Metals version 0.11.7 in workspace 'C:\Users\nicolas.floris\Desktop\Pokedex' for client Visual Studio Code 1.69.0.
2022.07.24 16:20:58 INFO  time: initialize in 0.6s
2022.07.24 16:20:58 WARN  Flyway upgrade recommended: H2 2.1.214 is newer than this version of Flyway and support has not been tested. The latest supported version of H2 is 2.1.210.
2022.07.24 16:20:58 WARN  Build server is not auto-connectable.
2022.07.24 16:20:58 INFO  skipping build import with status 'Requested'
2022.07.24 16:26:25 WARN  no build target for: C:\Users\nicolas.floris\Desktop\Pokedex\src\main\scala\com\pokemon\Pokedex.scala
2022.07.24 16:26:29 INFO  no build target found for C:\Users\nicolas.floris\Desktop\Pokedex\src\main\scala\com\pokemon\Pokedex.scala. Using presentation compiler with project's scala-library version: 3.1.3
2022.07.24 16:26:31 INFO  time: code lens generation in 5.95s
2022.07.24 16:26:31 INFO  time: code lens generation in 5.95s
2022.07.24 16:27:29 WARN  no build target for: C:\Users\nicolas.floris\Desktop\Pokedex\src\main\scala\com\pokemon\Pokedex.scala
2022.07.24 16:27:34 WARN  no build target for: C:\Users\nicolas.floris\Desktop\Pokedex\src\main\scala\com\pokemon\Pokedex.scala
2022.07.24 16:31:00 WARN  no build target for: C:\Users\nicolas.floris\Desktop\PokemonDB\src\main\scala\com\pokemon\db\Pokemon.scala
2022.07.24 16:31:29 WARN  no build target for: C:\Users\nicolas.floris\Desktop\Pokedex\src\main\scala\com\pokemon\pokemon.scala
2022.07.24 16:31:58 WARN  no build target for: C:\Users\nicolas.floris\Desktop\Pokedex\src\main\scala\com\pokemon\pokemon.scala
2022.07.24 16:32:12 WARN  no build target for: C:\Users\nicolas.floris\Desktop\PokemonDB\src\main\scala\com\pokemon\db\PokemonCLI.scala
2022.07.24 16:32:49 WARN  no build target for: C:\Users\nicolas.floris\Desktop\Pokedex\src\main\scala\com\pokemon\PokemonCli.scala
2022.07.24 16:32:53 WARN  no build target for: C:\Users\nicolas.floris\Desktop\Pokedex\src\main\scala\com\pokemon\PokemonCli.scala
2022.07.24 16:33:22 WARN  no build target for: C:\Users\nicolas.floris\Desktop\PokemonDB\src\main\scala\com\pokemon\db\Console.scala
2022.07.24 16:33:46 WARN  no build target for: C:\Users\nicolas.floris\Desktop\Pokedex\src\main\scala\com\pokemon\Pokedex.scala
2022.07.24 16:37:26 WARN  no build target for: C:\Users\nicolas.floris\Desktop\PokemonDB\src\main\scala\com\pokemon\db\PokemonDB.scala
2022.07.24 16:37:55 WARN  no build target for: C:\Users\nicolas.floris\Desktop\Pokedex\src\main\scala\com\pokemon\console.scala
juil. 24, 2022 4:38:28 PM org.eclipse.lsp4j.jsonrpc.RemoteEndpoint fallbackResponseError
GRAVE: Internal error: java.lang.reflect.InvocationTargetException
java.lang.RuntimeException: java.lang.reflect.InvocationTargetException
	at org.eclipse.lsp4j.jsonrpc.services.GenericEndpoint.lambda$null$0(GenericEndpoint.java:67)
	at org.eclipse.lsp4j.jsonrpc.services.GenericEndpoint.request(GenericEndpoint.java:120)
	at org.eclipse.lsp4j.jsonrpc.RemoteEndpoint.handleRequest(RemoteEndpoint.java:261)
	at org.eclipse.lsp4j.jsonrpc.RemoteEndpoint.consume(RemoteEndpoint.java:190)
	at org.eclipse.lsp4j.jsonrpc.json.StreamMessageProducer.handleMessage(StreamMessageProducer.java:194)
	at org.eclipse.lsp4j.jsonrpc.json.StreamMessageProducer.listen(StreamMessageProducer.java:94)
	at org.eclipse.lsp4j.jsonrpc.json.ConcurrentMessageProcessor.run(ConcurrentMessageProcessor.java:113)
	at java.base/java.util.concurrent.Executors$RunnableAdapter.call(Executors.java:539)
	at java.base/java.util.concurrent.FutureTask.run(FutureTask.java:264)
	at java.base/java.util.concurrent.ThreadPoolExecutor.runWorker(ThreadPoolExecutor.java:1136)
	at java.base/java.util.concurrent.ThreadPoolExecutor$Worker.run(ThreadPoolExecutor.java:635)
	at java.base/java.lang.Thread.run(Thread.java:833)
Caused by: java.lang.reflect.InvocationTargetException
	at jdk.internal.reflect.GeneratedMethodAccessor4.invoke(Unknown Source)
	at java.base/jdk.internal.reflect.DelegatingMethodAccessorImpl.invoke(DelegatingMethodAccessorImpl.java:43)
	at java.base/java.lang.reflect.Method.invoke(Method.java:568)
	at org.eclipse.lsp4j.jsonrpc.services.GenericEndpoint.lambda$null$0(GenericEndpoint.java:65)
	... 11 more
Caused by: java.lang.IllegalArgumentException: 83 is not a valid line number, allowed [0..27]
	at scala.meta.internal.inputs.InternalInput.lineToOffset(InternalInput.scala:37)
	at scala.meta.internal.inputs.InternalInput.lineToOffset$(InternalInput.scala:32)
	at scala.meta.inputs.Input$VirtualFile.lineToOffset(Input.scala:80)
	at scala.meta.inputs.Position$Range$.apply(Position.scala:59)
	at scala.meta.internal.mtags.MtagsEnrichments$XtensionPositionLspInverse.toMeta(MtagsEnrichments.scala:179)
	at scala.meta.internal.parsing.Trees.$anonfun$findLastEnclosingAt$4(Trees.scala:77)
	at scala.Option.flatMap(Option.scala:283)
	at scala.meta.internal.parsing.Trees.findLastEnclosingAt(Trees.scala:76)
	at scala.meta.internal.metals.codeactions.PatternMatchRefactor.contribute(PatternMatchRefactor.scala:96)
	at scala.meta.internal.metals.CodeActionProvider$$anonfun$1.applyOrElse(CodeActionProvider.scala:66)
	at scala.meta.internal.metals.CodeActionProvider$$anonfun$1.applyOrElse(CodeActionProvider.scala:65)
	at scala.collection.immutable.List.collect(List.scala:275)
	at scala.meta.internal.metals.CodeActionProvider.codeActions(CodeActionProvider.scala:65)
	at scala.meta.internal.metals.MetalsLanguageServer.$anonfun$codeAction$1(MetalsLanguageServer.scala:1652)
	at scala.meta.internal.metals.CancelTokens$.future(CancelTokens.scala:38)
	at scala.meta.internal.metals.MetalsLanguageServer.codeAction(MetalsLanguageServer.scala:1651)
	... 15 more

Exception in thread "pool-3-thread-1" java.lang.InterruptedException
	at scala.meta.internal.metals.FutureCancelToken.checkCanceled(FutureCancelToken.scala:29)
	at scala.meta.internal.pc.CompilerAccess.onCompilerJobQueue$$anonfun$1(CompilerAccess.scala:196)
	at scala.meta.internal.pc.CompilerJobQueue$Job.run(CompilerJobQueue.scala:152)
	at java.base/java.util.concurrent.ThreadPoolExecutor.runWorker(ThreadPoolExecutor.java:1136)
	at java.base/java.util.concurrent.ThreadPoolExecutor$Worker.run(ThreadPoolExecutor.java:635)
	at java.base/java.lang.Thread.run(Thread.java:833)
2022.07.24 16:38:36 WARN  no build target for: C:\Users\nicolas.floris\Desktop\Pokedex\src\main\scala\com\pokemon\Pokedex.scala
2022.07.24 16:38:39 WARN  no build target for: C:\Users\nicolas.floris\Desktop\Pokedex\src\main\scala\com\pokemon\console.scala
juil. 24, 2022 4:52:33 PM org.eclipse.lsp4j.jsonrpc.RemoteEndpoint handleCancellation
AVERTISSEMENT: Unmatched cancel notification for request id 316
2022.07.24 16:52:42 WARN  no build target for: C:\Users\nicolas.floris\Desktop\Pokedex\build.sbt
2022.07.25 11:30:58 INFO  tracing is disabled for protocol LSP, to enable tracing of incoming and outgoing JSON messages create an empty file at c:\Users\nicolas.floris\Desktop\Pokedex\.metals\lsp.trace.json or C:\Users\nicolas.floris\AppData\Local\scalameta\metals\cache\lsp.trace.json
2022.07.25 11:30:58 INFO  logging to file C:\Users\nicolas.floris\Desktop\Pokedex\.metals\metals.log
2022.07.25 11:30:58 INFO  Started: Metals version 0.11.7 in workspace 'C:\Users\nicolas.floris\Desktop\Pokedex' for client Visual Studio Code 1.69.0.
2022.07.25 11:30:59 INFO  time: initialize in 0.66s
2022.07.25 11:31:03 WARN  Flyway upgrade recommended: H2 2.1.214 is newer than this version of Flyway and support has not been tested. The latest supported version of H2 is 2.1.210.
2022.07.25 11:31:03 WARN  Build server is not auto-connectable.
2022.07.25 11:31:03 INFO  skipping build import with status 'Requested'
2022.07.26 10:11:06 INFO  tracing is disabled for protocol LSP, to enable tracing of incoming and outgoing JSON messages create an empty file at c:\Users\nicolas.floris\Desktop\Pokedex\.metals\lsp.trace.json or C:\Users\nicolas.floris\AppData\Local\scalameta\metals\cache\lsp.trace.json
2022.07.26 10:11:06 INFO  logging to file C:\Users\nicolas.floris\Desktop\Pokedex\.metals\metals.log
2022.07.26 10:11:06 INFO  Started: Metals version 0.11.7 in workspace 'C:\Users\nicolas.floris\Desktop\Pokedex' for client Visual Studio Code 1.69.0.
2022.07.26 10:11:07 INFO  time: initialize in 0.65s
2022.07.26 10:11:11 WARN  Flyway upgrade recommended: H2 2.1.214 is newer than this version of Flyway and support has not been tested. The latest supported version of H2 is 2.1.210.
2022.07.26 10:11:11 WARN  Build server is not auto-connectable.
2022.07.26 10:11:11 INFO  skipping build import with status 'Requested'
2022.07.26 10:11:59 INFO  shutting down Metals
2022.07.28 18:32:26 INFO  tracing is disabled for protocol LSP, to enable tracing of incoming and outgoing JSON messages create an empty file at c:\Users\nicolas.floris\Desktop\Pokedex\.metals\lsp.trace.json or C:\Users\nicolas.floris\AppData\Local\scalameta\metals\cache\lsp.trace.json
2022.07.28 18:32:26 INFO  logging to file C:\Users\nicolas.floris\Desktop\Pokedex\.metals\metals.log
2022.07.28 18:32:26 INFO  Started: Metals version 0.11.7 in workspace 'C:\Users\nicolas.floris\Desktop\Pokedex' for client Visual Studio Code 1.69.0.
2022.07.28 18:32:27 INFO  time: initialize in 0.57s
2022.07.28 18:32:27 WARN  Flyway upgrade recommended: H2 2.1.214 is newer than this version of Flyway and support has not been tested. The latest supported version of H2 is 2.1.210.
2022.07.28 18:32:27 WARN  Build server is not auto-connectable.
2022.07.28 18:32:28 INFO  skipping build import with status 'Requested'
2022.07.28 18:41:54 WARN  no build target for: C:\Users\nicolas.floris\Desktop\TaskTD\src\main\scala\com\tasktd\services\AOEService.scala
2022.07.28 18:41:58 INFO  no build target found for C:\Users\nicolas.floris\Desktop\TaskTD\src\main\scala\com\tasktd\services\AOEService.scala. Using presentation compiler with project's scala-library version: 3.1.3
2022.07.28 18:42:00 INFO  time: code lens generation in 4.99s
2022.07.28 18:42:00 INFO  time: code lens generation in 4.99s
2022.07.28 18:42:43 WARN  no build target for: C:\Users\nicolas.floris\Desktop\TaskTD\src\main\scala\com\tasktd\TaskTD.scala
2022.07.28 18:42:58 INFO  shutting down Metals
